{"timestamp":"2025-11-05T20:58:47.349Z","level":"error","message":"The \"@fastify/static\" package is missing. Please, make sure to install it to take advantage of FastifyAdapter.useStaticAssets().","service":"api-gateway","context":"PackageLoader"}
{"0":"R","1":"o","2":"u","3":"t","4":"e","5":"s","6":"R","7":"e","8":"s","9":"o","10":"l","11":"v","12":"e","13":"r","timestamp":"2025-11-05T20:59:45.223Z","level":"log","message":"MetricsController {/api}:","service":"api-gateway"}
{"0":"R","1":"o","2":"u","3":"t","4":"e","5":"r","6":"E","7":"x","8":"p","9":"l","10":"o","11":"r","12":"e","13":"r","timestamp":"2025-11-05T20:59:45.237Z","level":"log","message":"Mapped {/api/metrics, GET} route","service":"api-gateway"}
{"0":"R","1":"o","2":"u","3":"t","4":"e","5":"s","6":"R","7":"e","8":"s","9":"o","10":"l","11":"v","12":"e","13":"r","timestamp":"2025-11-05T20:59:45.239Z","level":"log","message":"HealthController {/api/health}:","service":"api-gateway"}
{"0":"R","1":"o","2":"u","3":"t","4":"e","5":"r","6":"E","7":"x","8":"p","9":"l","10":"o","11":"r","12":"e","13":"r","timestamp":"2025-11-05T20:59:45.241Z","level":"log","message":"Mapped {/api/health, GET} route","service":"api-gateway"}
{"0":"R","1":"o","2":"u","3":"t","4":"e","5":"s","6":"R","7":"e","8":"s","9":"o","10":"l","11":"v","12":"e","13":"r","timestamp":"2025-11-05T20:59:45.243Z","level":"log","message":"AuthController {/api/auth}:","service":"api-gateway"}
{"0":"R","1":"o","2":"u","3":"t","4":"e","5":"r","6":"E","7":"x","8":"p","9":"l","10":"o","11":"r","12":"e","13":"r","timestamp":"2025-11-05T20:59:45.249Z","level":"log","message":"Mapped {/api/auth/login, POST} route","service":"api-gateway"}
{"0":"R","1":"o","2":"u","3":"t","4":"e","5":"r","6":"E","7":"x","8":"p","9":"l","10":"o","11":"r","12":"e","13":"r","timestamp":"2025-11-05T20:59:45.253Z","level":"log","message":"Mapped {/api/auth/register, POST} route","service":"api-gateway"}
{"0":"R","1":"o","2":"u","3":"t","4":"e","5":"r","6":"E","7":"x","8":"p","9":"l","10":"o","11":"r","12":"e","13":"r","timestamp":"2025-11-05T20:59:45.257Z","level":"log","message":"Mapped {/api/auth/profile, GET} route","service":"api-gateway"}
{"0":"R","1":"o","2":"u","3":"t","4":"e","5":"r","6":"E","7":"x","8":"p","9":"l","10":"o","11":"r","12":"e","13":"r","timestamp":"2025-11-05T20:59:45.260Z","level":"log","message":"Mapped {/api/auth/token/refresh, POST} route","service":"api-gateway"}
{"0":"R","1":"o","2":"u","3":"t","4":"e","5":"r","6":"E","7":"x","8":"p","9":"l","10":"o","11":"r","12":"e","13":"r","timestamp":"2025-11-05T20:59:45.264Z","level":"log","message":"Mapped {/api/auth/token/revoke, POST} route","service":"api-gateway"}
{"0":"R","1":"o","2":"u","3":"t","4":"e","5":"s","6":"R","7":"e","8":"s","9":"o","10":"l","11":"v","12":"e","13":"r","timestamp":"2025-11-05T20:59:45.267Z","level":"log","message":"JwksController {/api/.well-known}:","service":"api-gateway"}
{"0":"R","1":"o","2":"u","3":"t","4":"e","5":"r","6":"E","7":"x","8":"p","9":"l","10":"o","11":"r","12":"e","13":"r","timestamp":"2025-11-05T20:59:45.273Z","level":"log","message":"Mapped {/api/.well-known/jwks.json, GET} route","service":"api-gateway"}
{"0":"R","1":"o","2":"u","3":"t","4":"e","5":"s","6":"R","7":"e","8":"s","9":"o","10":"l","11":"v","12":"e","13":"r","timestamp":"2025-11-05T20:59:45.275Z","level":"log","message":"UsersController {/api/users}:","service":"api-gateway"}
{"0":"R","1":"o","2":"u","3":"t","4":"e","5":"r","6":"E","7":"x","8":"p","9":"l","10":"o","11":"r","12":"e","13":"r","timestamp":"2025-11-05T20:59:45.279Z","level":"log","message":"Mapped {/api/users/:id, GET} route","service":"api-gateway"}
{"0":"R","1":"o","2":"u","3":"t","4":"e","5":"r","6":"E","7":"x","8":"p","9":"l","10":"o","11":"r","12":"e","13":"r","timestamp":"2025-11-05T20:59:45.284Z","level":"log","message":"Mapped {/api/users, GET} route","service":"api-gateway"}
{"0":"R","1":"o","2":"u","3":"t","4":"e","5":"r","6":"E","7":"x","8":"p","9":"l","10":"o","11":"r","12":"e","13":"r","timestamp":"2025-11-05T20:59:45.289Z","level":"log","message":"Mapped {/api/users/:id, PATCH} route","service":"api-gateway"}
{"0":"R","1":"o","2":"u","3":"t","4":"e","5":"r","6":"E","7":"x","8":"p","9":"l","10":"o","11":"r","12":"e","13":"r","timestamp":"2025-11-05T20:59:45.293Z","level":"log","message":"Mapped {/api/users, POST} route","service":"api-gateway"}
{"0":"R","1":"o","2":"u","3":"t","4":"e","5":"r","6":"E","7":"x","8":"p","9":"l","10":"o","11":"r","12":"e","13":"r","timestamp":"2025-11-05T20:59:45.296Z","level":"log","message":"Mapped {/api/users/:id, DELETE} route","service":"api-gateway"}
{"0":"R","1":"o","2":"u","3":"t","4":"e","5":"s","6":"R","7":"e","8":"s","9":"o","10":"l","11":"v","12":"e","13":"r","timestamp":"2025-11-05T20:59:45.299Z","level":"log","message":"OAuthController {/api/oauth}:","service":"api-gateway"}
{"0":"R","1":"o","2":"u","3":"t","4":"e","5":"r","6":"E","7":"x","8":"p","9":"l","10":"o","11":"r","12":"e","13":"r","timestamp":"2025-11-05T20:59:45.302Z","level":"log","message":"Mapped {/api/oauth/:provider/auth, GET} route","service":"api-gateway"}
{"0":"R","1":"o","2":"u","3":"t","4":"e","5":"r","6":"E","7":"x","8":"p","9":"l","10":"o","11":"r","12":"e","13":"r","timestamp":"2025-11-05T20:59:45.306Z","level":"log","message":"Mapped {/api/oauth/:provider/callback, GET} route","service":"api-gateway"}
{"0":"R","1":"o","2":"u","3":"t","4":"e","5":"r","6":"E","7":"x","8":"p","9":"l","10":"o","11":"r","12":"e","13":"r","timestamp":"2025-11-05T20:59:45.308Z","level":"log","message":"Mapped {/api/oauth/:provider/unlink, DELETE} route","service":"api-gateway"}
{"0":"R","1":"o","2":"u","3":"t","4":"e","5":"s","6":"R","7":"e","8":"s","9":"o","10":"l","11":"v","12":"e","13":"r","timestamp":"2025-11-05T20:59:45.309Z","level":"log","message":"AssistantProxyController {/api/assistants}:","service":"api-gateway"}
{"0":"R","1":"o","2":"u","3":"t","4":"e","5":"r","6":"E","7":"x","8":"p","9":"l","10":"o","11":"r","12":"e","13":"r","timestamp":"2025-11-05T20:59:45.314Z","level":"log","message":"Mapped {/api/assistants/*, ALL} route","service":"api-gateway"}
{"0":"R","1":"o","2":"u","3":"t","4":"e","5":"s","6":"R","7":"e","8":"s","9":"o","10":"l","11":"v","12":"e","13":"r","timestamp":"2025-11-05T20:59:45.315Z","level":"log","message":"SchedulingProxyController {/api/scheduling}:","service":"api-gateway"}
{"0":"R","1":"o","2":"u","3":"t","4":"e","5":"r","6":"E","7":"x","8":"p","9":"l","10":"o","11":"r","12":"e","13":"r","timestamp":"2025-11-05T20:59:45.320Z","level":"log","message":"Mapped {/api/scheduling/*, ALL} route","service":"api-gateway"}
{"0":"R","1":"o","2":"u","3":"t","4":"e","5":"s","6":"R","7":"e","8":"s","9":"o","10":"l","11":"v","12":"e","13":"r","timestamp":"2025-11-05T20:59:45.322Z","level":"log","message":"CalendarProxyController {/api/calendar}:","service":"api-gateway"}
{"0":"R","1":"o","2":"u","3":"t","4":"e","5":"r","6":"E","7":"x","8":"p","9":"l","10":"o","11":"r","12":"e","13":"r","timestamp":"2025-11-05T20:59:45.325Z","level":"log","message":"Mapped {/api/calendar/*, ALL} route","service":"api-gateway"}
{"0":"R","1":"o","2":"u","3":"t","4":"e","5":"s","6":"R","7":"e","8":"s","9":"o","10":"l","11":"v","12":"e","13":"r","timestamp":"2025-11-05T20:59:45.327Z","level":"log","message":"ResumeProxyController {/api/resume}:","service":"api-gateway"}
{"0":"R","1":"o","2":"u","3":"t","4":"e","5":"r","6":"E","7":"x","8":"p","9":"l","10":"o","11":"r","12":"e","13":"r","timestamp":"2025-11-05T20:59:45.333Z","level":"log","message":"Mapped {/api/resume/*, ALL} route","service":"api-gateway"}
{"0":"R","1":"o","2":"u","3":"t","4":"e","5":"s","6":"R","7":"e","8":"s","9":"o","10":"l","11":"v","12":"e","13":"r","timestamp":"2025-11-05T20:59:45.336Z","level":"log","message":"InterviewProxyController {/api/interview}:","service":"api-gateway"}
{"0":"R","1":"o","2":"u","3":"t","4":"e","5":"r","6":"E","7":"x","8":"p","9":"l","10":"o","11":"r","12":"e","13":"r","timestamp":"2025-11-05T20:59:45.339Z","level":"log","message":"Mapped {/api/interview/*, ALL} route","service":"api-gateway"}
{"0":"R","1":"o","2":"u","3":"t","4":"e","5":"s","6":"R","7":"e","8":"s","9":"o","10":"l","11":"v","12":"e","13":"r","timestamp":"2025-11-05T20:59:45.342Z","level":"log","message":"DataProxyController {/api/data}:","service":"api-gateway"}
{"0":"R","1":"o","2":"u","3":"t","4":"e","5":"r","6":"E","7":"x","8":"p","9":"l","10":"o","11":"r","12":"e","13":"r","timestamp":"2025-11-05T20:59:45.345Z","level":"log","message":"Mapped {/api/data/*, ALL} route","service":"api-gateway"}
{"0":"R","1":"o","2":"u","3":"t","4":"e","5":"s","6":"R","7":"e","8":"s","9":"o","10":"l","11":"v","12":"e","13":"r","timestamp":"2025-11-05T20:59:45.348Z","level":"log","message":"LatexProxyController {/api/latex}:","service":"api-gateway"}
{"0":"R","1":"o","2":"u","3":"t","4":"e","5":"r","6":"E","7":"x","8":"p","9":"l","10":"o","11":"r","12":"e","13":"r","timestamp":"2025-11-05T20:59:45.352Z","level":"log","message":"Mapped {/api/latex/*, ALL} route","service":"api-gateway"}
{"0":"R","1":"o","2":"u","3":"t","4":"e","5":"s","6":"R","7":"e","8":"s","9":"o","10":"l","11":"v","12":"e","13":"r","timestamp":"2025-11-05T20:59:45.354Z","level":"log","message":"ToolsProxyController {/api/tools}:","service":"api-gateway"}
{"0":"R","1":"o","2":"u","3":"t","4":"e","5":"r","6":"E","7":"x","8":"p","9":"l","10":"o","11":"r","12":"e","13":"r","timestamp":"2025-11-05T20:59:45.356Z","level":"log","message":"Mapped {/api/tools/*, ALL} route","service":"api-gateway"}
{"0":"R","1":"o","2":"u","3":"t","4":"e","5":"s","6":"R","7":"e","8":"s","9":"o","10":"l","11":"v","12":"e","13":"r","timestamp":"2025-11-05T20:59:45.358Z","level":"log","message":"DatalakeProxyController {/api/datalake}:","service":"api-gateway"}
{"0":"R","1":"o","2":"u","3":"t","4":"e","5":"r","6":"E","7":"x","8":"p","9":"l","10":"o","11":"r","12":"e","13":"r","timestamp":"2025-11-05T20:59:45.362Z","level":"log","message":"Mapped {/api/datalake/minio/*, ALL} route","service":"api-gateway"}
{"0":"R","1":"o","2":"u","3":"t","4":"e","5":"r","6":"E","7":"x","8":"p","9":"l","10":"o","11":"r","12":"e","13":"r","timestamp":"2025-11-05T20:59:45.366Z","level":"log","message":"Mapped {/api/datalake/trino/*, ALL} route","service":"api-gateway"}
{"0":"R","1":"o","2":"u","3":"t","4":"e","5":"r","6":"E","7":"x","8":"p","9":"l","10":"o","11":"r","12":"e","13":"r","timestamp":"2025-11-05T20:59:45.370Z","level":"log","message":"Mapped {/api/datalake/airflow/*, ALL} route","service":"api-gateway"}
{"0":"R","1":"o","2":"u","3":"t","4":"e","5":"r","6":"E","7":"x","8":"p","9":"l","10":"o","11":"r","12":"e","13":"r","timestamp":"2025-11-05T20:59:45.378Z","level":"log","message":"Mapped {/api/datalake/jupyter/*, ALL} route","service":"api-gateway"}
{"0":"R","1":"o","2":"u","3":"t","4":"e","5":"r","6":"E","7":"x","8":"p","9":"l","10":"o","11":"r","12":"e","13":"r","timestamp":"2025-11-05T20:59:45.382Z","level":"log","message":"Mapped {/api/datalake/spark/*, ALL} route","service":"api-gateway"}
{"0":"R","1":"o","2":"u","3":"t","4":"e","5":"r","6":"E","7":"x","8":"p","9":"l","10":"o","11":"r","12":"e","13":"r","timestamp":"2025-11-05T20:59:45.397Z","level":"log","message":"Mapped {/api/datalake/marquez/*, ALL} route","service":"api-gateway"}
{"0":"R","1":"o","2":"u","3":"t","4":"e","5":"s","6":"R","7":"e","8":"s","9":"o","10":"l","11":"v","12":"e","13":"r","timestamp":"2025-11-05T21:02:41.478Z","level":"log","message":"MetricsController {/api}:","service":"api-gateway"}
{"0":"R","1":"o","2":"u","3":"t","4":"e","5":"r","6":"E","7":"x","8":"p","9":"l","10":"o","11":"r","12":"e","13":"r","timestamp":"2025-11-05T21:02:41.484Z","level":"log","message":"Mapped {/api/metrics, GET} route","service":"api-gateway"}
{"0":"R","1":"o","2":"u","3":"t","4":"e","5":"s","6":"R","7":"e","8":"s","9":"o","10":"l","11":"v","12":"e","13":"r","timestamp":"2025-11-05T21:02:41.487Z","level":"log","message":"HealthController {/api/health}:","service":"api-gateway"}
{"0":"R","1":"o","2":"u","3":"t","4":"e","5":"r","6":"E","7":"x","8":"p","9":"l","10":"o","11":"r","12":"e","13":"r","timestamp":"2025-11-05T21:02:41.489Z","level":"log","message":"Mapped {/api/health, GET} route","service":"api-gateway"}
{"0":"R","1":"o","2":"u","3":"t","4":"e","5":"s","6":"R","7":"e","8":"s","9":"o","10":"l","11":"v","12":"e","13":"r","timestamp":"2025-11-05T21:02:41.490Z","level":"log","message":"AuthController {/api/auth}:","service":"api-gateway"}
{"0":"R","1":"o","2":"u","3":"t","4":"e","5":"r","6":"E","7":"x","8":"p","9":"l","10":"o","11":"r","12":"e","13":"r","timestamp":"2025-11-05T21:02:41.492Z","level":"log","message":"Mapped {/api/auth/login, POST} route","service":"api-gateway"}
{"0":"R","1":"o","2":"u","3":"t","4":"e","5":"r","6":"E","7":"x","8":"p","9":"l","10":"o","11":"r","12":"e","13":"r","timestamp":"2025-11-05T21:02:41.494Z","level":"log","message":"Mapped {/api/auth/register, POST} route","service":"api-gateway"}
{"0":"R","1":"o","2":"u","3":"t","4":"e","5":"r","6":"E","7":"x","8":"p","9":"l","10":"o","11":"r","12":"e","13":"r","timestamp":"2025-11-05T21:02:41.496Z","level":"log","message":"Mapped {/api/auth/profile, GET} route","service":"api-gateway"}
{"0":"R","1":"o","2":"u","3":"t","4":"e","5":"r","6":"E","7":"x","8":"p","9":"l","10":"o","11":"r","12":"e","13":"r","timestamp":"2025-11-05T21:02:41.497Z","level":"log","message":"Mapped {/api/auth/token/refresh, POST} route","service":"api-gateway"}
{"0":"R","1":"o","2":"u","3":"t","4":"e","5":"r","6":"E","7":"x","8":"p","9":"l","10":"o","11":"r","12":"e","13":"r","timestamp":"2025-11-05T21:02:41.499Z","level":"log","message":"Mapped {/api/auth/token/revoke, POST} route","service":"api-gateway"}
{"0":"R","1":"o","2":"u","3":"t","4":"e","5":"s","6":"R","7":"e","8":"s","9":"o","10":"l","11":"v","12":"e","13":"r","timestamp":"2025-11-05T21:02:41.500Z","level":"log","message":"JwksController {/api/.well-known}:","service":"api-gateway"}
{"0":"R","1":"o","2":"u","3":"t","4":"e","5":"r","6":"E","7":"x","8":"p","9":"l","10":"o","11":"r","12":"e","13":"r","timestamp":"2025-11-05T21:02:41.502Z","level":"log","message":"Mapped {/api/.well-known/jwks.json, GET} route","service":"api-gateway"}
{"0":"R","1":"o","2":"u","3":"t","4":"e","5":"s","6":"R","7":"e","8":"s","9":"o","10":"l","11":"v","12":"e","13":"r","timestamp":"2025-11-05T21:02:41.503Z","level":"log","message":"UsersController {/api/users}:","service":"api-gateway"}
{"0":"R","1":"o","2":"u","3":"t","4":"e","5":"r","6":"E","7":"x","8":"p","9":"l","10":"o","11":"r","12":"e","13":"r","timestamp":"2025-11-05T21:02:41.506Z","level":"log","message":"Mapped {/api/users/:id, GET} route","service":"api-gateway"}
{"0":"R","1":"o","2":"u","3":"t","4":"e","5":"r","6":"E","7":"x","8":"p","9":"l","10":"o","11":"r","12":"e","13":"r","timestamp":"2025-11-05T21:02:41.508Z","level":"log","message":"Mapped {/api/users, GET} route","service":"api-gateway"}
{"0":"R","1":"o","2":"u","3":"t","4":"e","5":"r","6":"E","7":"x","8":"p","9":"l","10":"o","11":"r","12":"e","13":"r","timestamp":"2025-11-05T21:02:41.510Z","level":"log","message":"Mapped {/api/users/:id, PATCH} route","service":"api-gateway"}
{"0":"R","1":"o","2":"u","3":"t","4":"e","5":"r","6":"E","7":"x","8":"p","9":"l","10":"o","11":"r","12":"e","13":"r","timestamp":"2025-11-05T21:02:41.511Z","level":"log","message":"Mapped {/api/users, POST} route","service":"api-gateway"}
{"0":"R","1":"o","2":"u","3":"t","4":"e","5":"r","6":"E","7":"x","8":"p","9":"l","10":"o","11":"r","12":"e","13":"r","timestamp":"2025-11-05T21:02:41.513Z","level":"log","message":"Mapped {/api/users/:id, DELETE} route","service":"api-gateway"}
{"0":"R","1":"o","2":"u","3":"t","4":"e","5":"s","6":"R","7":"e","8":"s","9":"o","10":"l","11":"v","12":"e","13":"r","timestamp":"2025-11-05T21:02:41.514Z","level":"log","message":"OAuthController {/api/oauth}:","service":"api-gateway"}
{"0":"R","1":"o","2":"u","3":"t","4":"e","5":"r","6":"E","7":"x","8":"p","9":"l","10":"o","11":"r","12":"e","13":"r","timestamp":"2025-11-05T21:02:41.515Z","level":"log","message":"Mapped {/api/oauth/:provider/auth, GET} route","service":"api-gateway"}
{"0":"R","1":"o","2":"u","3":"t","4":"e","5":"r","6":"E","7":"x","8":"p","9":"l","10":"o","11":"r","12":"e","13":"r","timestamp":"2025-11-05T21:02:41.516Z","level":"log","message":"Mapped {/api/oauth/:provider/callback, GET} route","service":"api-gateway"}
{"0":"R","1":"o","2":"u","3":"t","4":"e","5":"r","6":"E","7":"x","8":"p","9":"l","10":"o","11":"r","12":"e","13":"r","timestamp":"2025-11-05T21:02:41.518Z","level":"log","message":"Mapped {/api/oauth/:provider/unlink, DELETE} route","service":"api-gateway"}
{"0":"R","1":"o","2":"u","3":"t","4":"e","5":"s","6":"R","7":"e","8":"s","9":"o","10":"l","11":"v","12":"e","13":"r","timestamp":"2025-11-05T21:02:41.519Z","level":"log","message":"AssistantProxyController {/api/assistants}:","service":"api-gateway"}
{"0":"R","1":"o","2":"u","3":"t","4":"e","5":"r","6":"E","7":"x","8":"p","9":"l","10":"o","11":"r","12":"e","13":"r","timestamp":"2025-11-05T21:02:41.521Z","level":"log","message":"Mapped {/api/assistants/*, ALL} route","service":"api-gateway"}
{"0":"R","1":"o","2":"u","3":"t","4":"e","5":"s","6":"R","7":"e","8":"s","9":"o","10":"l","11":"v","12":"e","13":"r","timestamp":"2025-11-05T21:02:41.522Z","level":"log","message":"SchedulingProxyController {/api/scheduling}:","service":"api-gateway"}
{"0":"R","1":"o","2":"u","3":"t","4":"e","5":"r","6":"E","7":"x","8":"p","9":"l","10":"o","11":"r","12":"e","13":"r","timestamp":"2025-11-05T21:02:41.527Z","level":"log","message":"Mapped {/api/scheduling/*, ALL} route","service":"api-gateway"}
{"0":"R","1":"o","2":"u","3":"t","4":"e","5":"s","6":"R","7":"e","8":"s","9":"o","10":"l","11":"v","12":"e","13":"r","timestamp":"2025-11-05T21:02:41.528Z","level":"log","message":"CalendarProxyController {/api/calendar}:","service":"api-gateway"}
{"0":"R","1":"o","2":"u","3":"t","4":"e","5":"r","6":"E","7":"x","8":"p","9":"l","10":"o","11":"r","12":"e","13":"r","timestamp":"2025-11-05T21:02:41.531Z","level":"log","message":"Mapped {/api/calendar/*, ALL} route","service":"api-gateway"}
{"0":"R","1":"o","2":"u","3":"t","4":"e","5":"s","6":"R","7":"e","8":"s","9":"o","10":"l","11":"v","12":"e","13":"r","timestamp":"2025-11-05T21:02:41.532Z","level":"log","message":"ResumeProxyController {/api/resume}:","service":"api-gateway"}
{"0":"R","1":"o","2":"u","3":"t","4":"e","5":"r","6":"E","7":"x","8":"p","9":"l","10":"o","11":"r","12":"e","13":"r","timestamp":"2025-11-05T21:02:41.534Z","level":"log","message":"Mapped {/api/resume/*, ALL} route","service":"api-gateway"}
{"0":"R","1":"o","2":"u","3":"t","4":"e","5":"s","6":"R","7":"e","8":"s","9":"o","10":"l","11":"v","12":"e","13":"r","timestamp":"2025-11-05T21:02:41.535Z","level":"log","message":"InterviewProxyController {/api/interview}:","service":"api-gateway"}
{"0":"R","1":"o","2":"u","3":"t","4":"e","5":"r","6":"E","7":"x","8":"p","9":"l","10":"o","11":"r","12":"e","13":"r","timestamp":"2025-11-05T21:02:41.538Z","level":"log","message":"Mapped {/api/interview/*, ALL} route","service":"api-gateway"}
{"0":"R","1":"o","2":"u","3":"t","4":"e","5":"s","6":"R","7":"e","8":"s","9":"o","10":"l","11":"v","12":"e","13":"r","timestamp":"2025-11-05T21:02:41.539Z","level":"log","message":"DataProxyController {/api/data}:","service":"api-gateway"}
{"0":"R","1":"o","2":"u","3":"t","4":"e","5":"r","6":"E","7":"x","8":"p","9":"l","10":"o","11":"r","12":"e","13":"r","timestamp":"2025-11-05T21:02:41.541Z","level":"log","message":"Mapped {/api/data/*, ALL} route","service":"api-gateway"}
{"0":"R","1":"o","2":"u","3":"t","4":"e","5":"s","6":"R","7":"e","8":"s","9":"o","10":"l","11":"v","12":"e","13":"r","timestamp":"2025-11-05T21:02:41.542Z","level":"log","message":"LatexProxyController {/api/latex}:","service":"api-gateway"}
{"0":"R","1":"o","2":"u","3":"t","4":"e","5":"r","6":"E","7":"x","8":"p","9":"l","10":"o","11":"r","12":"e","13":"r","timestamp":"2025-11-05T21:02:41.544Z","level":"log","message":"Mapped {/api/latex/*, ALL} route","service":"api-gateway"}
{"0":"R","1":"o","2":"u","3":"t","4":"e","5":"s","6":"R","7":"e","8":"s","9":"o","10":"l","11":"v","12":"e","13":"r","timestamp":"2025-11-05T21:02:41.544Z","level":"log","message":"ToolsProxyController {/api/tools}:","service":"api-gateway"}
{"0":"R","1":"o","2":"u","3":"t","4":"e","5":"r","6":"E","7":"x","8":"p","9":"l","10":"o","11":"r","12":"e","13":"r","timestamp":"2025-11-05T21:02:41.546Z","level":"log","message":"Mapped {/api/tools/*, ALL} route","service":"api-gateway"}
{"0":"R","1":"o","2":"u","3":"t","4":"e","5":"s","6":"R","7":"e","8":"s","9":"o","10":"l","11":"v","12":"e","13":"r","timestamp":"2025-11-05T21:02:41.547Z","level":"log","message":"DatalakeProxyController {/api/datalake}:","service":"api-gateway"}
{"0":"R","1":"o","2":"u","3":"t","4":"e","5":"r","6":"E","7":"x","8":"p","9":"l","10":"o","11":"r","12":"e","13":"r","timestamp":"2025-11-05T21:02:41.549Z","level":"log","message":"Mapped {/api/datalake/minio/*, ALL} route","service":"api-gateway"}
{"0":"R","1":"o","2":"u","3":"t","4":"e","5":"r","6":"E","7":"x","8":"p","9":"l","10":"o","11":"r","12":"e","13":"r","timestamp":"2025-11-05T21:02:41.553Z","level":"log","message":"Mapped {/api/datalake/trino/*, ALL} route","service":"api-gateway"}
{"0":"R","1":"o","2":"u","3":"t","4":"e","5":"r","6":"E","7":"x","8":"p","9":"l","10":"o","11":"r","12":"e","13":"r","timestamp":"2025-11-05T21:02:41.556Z","level":"log","message":"Mapped {/api/datalake/airflow/*, ALL} route","service":"api-gateway"}
{"0":"R","1":"o","2":"u","3":"t","4":"e","5":"r","6":"E","7":"x","8":"p","9":"l","10":"o","11":"r","12":"e","13":"r","timestamp":"2025-11-05T21:02:41.558Z","level":"log","message":"Mapped {/api/datalake/jupyter/*, ALL} route","service":"api-gateway"}
{"0":"R","1":"o","2":"u","3":"t","4":"e","5":"r","6":"E","7":"x","8":"p","9":"l","10":"o","11":"r","12":"e","13":"r","timestamp":"2025-11-05T21:02:41.560Z","level":"log","message":"Mapped {/api/datalake/spark/*, ALL} route","service":"api-gateway"}
{"0":"R","1":"o","2":"u","3":"t","4":"e","5":"r","6":"E","7":"x","8":"p","9":"l","10":"o","11":"r","12":"e","13":"r","timestamp":"2025-11-05T21:02:41.563Z","level":"log","message":"Mapped {/api/datalake/marquez/*, ALL} route","service":"api-gateway"}
{"0":"N","1":"e","2":"s","3":"t","4":"A","5":"p","6":"p","7":"l","8":"i","9":"c","10":"a","11":"t","12":"i","13":"o","14":"n","timestamp":"2025-11-05T21:02:41.572Z","level":"log","message":"Nest application successfully started","service":"api-gateway"}
{"0":"R","1":"o","2":"u","3":"t","4":"e","5":"s","6":"R","7":"e","8":"s","9":"o","10":"l","11":"v","12":"e","13":"r","timestamp":"2025-11-05T21:46:23.201Z","level":"log","message":"MetricsController {/api}:","service":"api-gateway"}
{"0":"R","1":"o","2":"u","3":"t","4":"e","5":"r","6":"E","7":"x","8":"p","9":"l","10":"o","11":"r","12":"e","13":"r","timestamp":"2025-11-05T21:46:23.208Z","level":"log","message":"Mapped {/api/metrics, GET} route","service":"api-gateway"}
{"0":"R","1":"o","2":"u","3":"t","4":"e","5":"s","6":"R","7":"e","8":"s","9":"o","10":"l","11":"v","12":"e","13":"r","timestamp":"2025-11-05T21:46:23.209Z","level":"log","message":"HealthController {/api/health}:","service":"api-gateway"}
{"0":"R","1":"o","2":"u","3":"t","4":"e","5":"r","6":"E","7":"x","8":"p","9":"l","10":"o","11":"r","12":"e","13":"r","timestamp":"2025-11-05T21:46:23.211Z","level":"log","message":"Mapped {/api/health, GET} route","service":"api-gateway"}
{"0":"R","1":"o","2":"u","3":"t","4":"e","5":"s","6":"R","7":"e","8":"s","9":"o","10":"l","11":"v","12":"e","13":"r","timestamp":"2025-11-05T21:46:23.211Z","level":"log","message":"AuthController {/api/auth}:","service":"api-gateway"}
{"0":"R","1":"o","2":"u","3":"t","4":"e","5":"r","6":"E","7":"x","8":"p","9":"l","10":"o","11":"r","12":"e","13":"r","timestamp":"2025-11-05T21:46:23.213Z","level":"log","message":"Mapped {/api/auth/login, POST} route","service":"api-gateway"}
{"0":"R","1":"o","2":"u","3":"t","4":"e","5":"r","6":"E","7":"x","8":"p","9":"l","10":"o","11":"r","12":"e","13":"r","timestamp":"2025-11-05T21:46:23.215Z","level":"log","message":"Mapped {/api/auth/register, POST} route","service":"api-gateway"}
{"0":"R","1":"o","2":"u","3":"t","4":"e","5":"r","6":"E","7":"x","8":"p","9":"l","10":"o","11":"r","12":"e","13":"r","timestamp":"2025-11-05T21:46:23.217Z","level":"log","message":"Mapped {/api/auth/profile, GET} route","service":"api-gateway"}
{"0":"R","1":"o","2":"u","3":"t","4":"e","5":"r","6":"E","7":"x","8":"p","9":"l","10":"o","11":"r","12":"e","13":"r","timestamp":"2025-11-05T21:46:23.218Z","level":"log","message":"Mapped {/api/auth/token/refresh, POST} route","service":"api-gateway"}
{"0":"R","1":"o","2":"u","3":"t","4":"e","5":"r","6":"E","7":"x","8":"p","9":"l","10":"o","11":"r","12":"e","13":"r","timestamp":"2025-11-05T21:46:23.220Z","level":"log","message":"Mapped {/api/auth/token/revoke, POST} route","service":"api-gateway"}
{"0":"R","1":"o","2":"u","3":"t","4":"e","5":"s","6":"R","7":"e","8":"s","9":"o","10":"l","11":"v","12":"e","13":"r","timestamp":"2025-11-05T21:46:23.222Z","level":"log","message":"JwksController {/api/.well-known}:","service":"api-gateway"}
{"0":"R","1":"o","2":"u","3":"t","4":"e","5":"r","6":"E","7":"x","8":"p","9":"l","10":"o","11":"r","12":"e","13":"r","timestamp":"2025-11-05T21:46:23.224Z","level":"log","message":"Mapped {/api/.well-known/jwks.json, GET} route","service":"api-gateway"}
{"0":"R","1":"o","2":"u","3":"t","4":"e","5":"s","6":"R","7":"e","8":"s","9":"o","10":"l","11":"v","12":"e","13":"r","timestamp":"2025-11-05T21:46:23.225Z","level":"log","message":"UsersController {/api/users}:","service":"api-gateway"}
{"0":"R","1":"o","2":"u","3":"t","4":"e","5":"r","6":"E","7":"x","8":"p","9":"l","10":"o","11":"r","12":"e","13":"r","timestamp":"2025-11-05T21:46:23.228Z","level":"log","message":"Mapped {/api/users/:id, GET} route","service":"api-gateway"}
{"0":"R","1":"o","2":"u","3":"t","4":"e","5":"r","6":"E","7":"x","8":"p","9":"l","10":"o","11":"r","12":"e","13":"r","timestamp":"2025-11-05T21:46:23.229Z","level":"log","message":"Mapped {/api/users, GET} route","service":"api-gateway"}
{"0":"R","1":"o","2":"u","3":"t","4":"e","5":"r","6":"E","7":"x","8":"p","9":"l","10":"o","11":"r","12":"e","13":"r","timestamp":"2025-11-05T21:46:23.231Z","level":"log","message":"Mapped {/api/users/:id, PATCH} route","service":"api-gateway"}
{"0":"R","1":"o","2":"u","3":"t","4":"e","5":"r","6":"E","7":"x","8":"p","9":"l","10":"o","11":"r","12":"e","13":"r","timestamp":"2025-11-05T21:46:23.232Z","level":"log","message":"Mapped {/api/users, POST} route","service":"api-gateway"}
{"0":"R","1":"o","2":"u","3":"t","4":"e","5":"r","6":"E","7":"x","8":"p","9":"l","10":"o","11":"r","12":"e","13":"r","timestamp":"2025-11-05T21:46:23.233Z","level":"log","message":"Mapped {/api/users/:id, DELETE} route","service":"api-gateway"}
{"0":"R","1":"o","2":"u","3":"t","4":"e","5":"s","6":"R","7":"e","8":"s","9":"o","10":"l","11":"v","12":"e","13":"r","timestamp":"2025-11-05T21:46:23.234Z","level":"log","message":"OAuthController {/api/oauth}:","service":"api-gateway"}
{"0":"R","1":"o","2":"u","3":"t","4":"e","5":"r","6":"E","7":"x","8":"p","9":"l","10":"o","11":"r","12":"e","13":"r","timestamp":"2025-11-05T21:46:23.236Z","level":"log","message":"Mapped {/api/oauth/:provider/auth, GET} route","service":"api-gateway"}
{"0":"R","1":"o","2":"u","3":"t","4":"e","5":"r","6":"E","7":"x","8":"p","9":"l","10":"o","11":"r","12":"e","13":"r","timestamp":"2025-11-05T21:46:23.237Z","level":"log","message":"Mapped {/api/oauth/:provider/callback, GET} route","service":"api-gateway"}
{"0":"R","1":"o","2":"u","3":"t","4":"e","5":"r","6":"E","7":"x","8":"p","9":"l","10":"o","11":"r","12":"e","13":"r","timestamp":"2025-11-05T21:46:23.239Z","level":"log","message":"Mapped {/api/oauth/:provider/unlink, DELETE} route","service":"api-gateway"}
{"0":"R","1":"o","2":"u","3":"t","4":"e","5":"s","6":"R","7":"e","8":"s","9":"o","10":"l","11":"v","12":"e","13":"r","timestamp":"2025-11-05T21:46:23.239Z","level":"log","message":"AssistantProxyController {/api/assistants}:","service":"api-gateway"}
{"0":"R","1":"o","2":"u","3":"t","4":"e","5":"r","6":"E","7":"x","8":"p","9":"l","10":"o","11":"r","12":"e","13":"r","timestamp":"2025-11-05T21:46:23.242Z","level":"log","message":"Mapped {/api/assistants/*, ALL} route","service":"api-gateway"}
{"0":"R","1":"o","2":"u","3":"t","4":"e","5":"s","6":"R","7":"e","8":"s","9":"o","10":"l","11":"v","12":"e","13":"r","timestamp":"2025-11-05T21:46:23.243Z","level":"log","message":"SchedulingProxyController {/api/scheduling}:","service":"api-gateway"}
{"0":"R","1":"o","2":"u","3":"t","4":"e","5":"r","6":"E","7":"x","8":"p","9":"l","10":"o","11":"r","12":"e","13":"r","timestamp":"2025-11-05T21:46:23.245Z","level":"log","message":"Mapped {/api/scheduling/*, ALL} route","service":"api-gateway"}
{"0":"R","1":"o","2":"u","3":"t","4":"e","5":"s","6":"R","7":"e","8":"s","9":"o","10":"l","11":"v","12":"e","13":"r","timestamp":"2025-11-05T21:46:23.246Z","level":"log","message":"CalendarProxyController {/api/calendar}:","service":"api-gateway"}
{"0":"R","1":"o","2":"u","3":"t","4":"e","5":"r","6":"E","7":"x","8":"p","9":"l","10":"o","11":"r","12":"e","13":"r","timestamp":"2025-11-05T21:46:23.248Z","level":"log","message":"Mapped {/api/calendar/*, ALL} route","service":"api-gateway"}
{"0":"R","1":"o","2":"u","3":"t","4":"e","5":"s","6":"R","7":"e","8":"s","9":"o","10":"l","11":"v","12":"e","13":"r","timestamp":"2025-11-05T21:46:23.249Z","level":"log","message":"ResumeProxyController {/api/resume}:","service":"api-gateway"}
{"0":"R","1":"o","2":"u","3":"t","4":"e","5":"r","6":"E","7":"x","8":"p","9":"l","10":"o","11":"r","12":"e","13":"r","timestamp":"2025-11-05T21:46:23.250Z","level":"log","message":"Mapped {/api/resume/*, ALL} route","service":"api-gateway"}
{"0":"R","1":"o","2":"u","3":"t","4":"e","5":"s","6":"R","7":"e","8":"s","9":"o","10":"l","11":"v","12":"e","13":"r","timestamp":"2025-11-05T21:46:23.251Z","level":"log","message":"InterviewProxyController {/api/interview}:","service":"api-gateway"}
{"0":"R","1":"o","2":"u","3":"t","4":"e","5":"r","6":"E","7":"x","8":"p","9":"l","10":"o","11":"r","12":"e","13":"r","timestamp":"2025-11-05T21:46:23.253Z","level":"log","message":"Mapped {/api/interview/*, ALL} route","service":"api-gateway"}
{"0":"R","1":"o","2":"u","3":"t","4":"e","5":"s","6":"R","7":"e","8":"s","9":"o","10":"l","11":"v","12":"e","13":"r","timestamp":"2025-11-05T21:46:23.254Z","level":"log","message":"DataProxyController {/api/data}:","service":"api-gateway"}
{"0":"R","1":"o","2":"u","3":"t","4":"e","5":"r","6":"E","7":"x","8":"p","9":"l","10":"o","11":"r","12":"e","13":"r","timestamp":"2025-11-05T21:46:23.256Z","level":"log","message":"Mapped {/api/data/*, ALL} route","service":"api-gateway"}
{"0":"R","1":"o","2":"u","3":"t","4":"e","5":"s","6":"R","7":"e","8":"s","9":"o","10":"l","11":"v","12":"e","13":"r","timestamp":"2025-11-05T21:46:23.257Z","level":"log","message":"LatexProxyController {/api/latex}:","service":"api-gateway"}
{"0":"R","1":"o","2":"u","3":"t","4":"e","5":"r","6":"E","7":"x","8":"p","9":"l","10":"o","11":"r","12":"e","13":"r","timestamp":"2025-11-05T21:46:23.259Z","level":"log","message":"Mapped {/api/latex/*, ALL} route","service":"api-gateway"}
{"0":"R","1":"o","2":"u","3":"t","4":"e","5":"s","6":"R","7":"e","8":"s","9":"o","10":"l","11":"v","12":"e","13":"r","timestamp":"2025-11-05T21:46:23.260Z","level":"log","message":"ToolsProxyController {/api/tools}:","service":"api-gateway"}
{"0":"R","1":"o","2":"u","3":"t","4":"e","5":"r","6":"E","7":"x","8":"p","9":"l","10":"o","11":"r","12":"e","13":"r","timestamp":"2025-11-05T21:46:23.262Z","level":"log","message":"Mapped {/api/tools/*, ALL} route","service":"api-gateway"}
{"0":"R","1":"o","2":"u","3":"t","4":"e","5":"s","6":"R","7":"e","8":"s","9":"o","10":"l","11":"v","12":"e","13":"r","timestamp":"2025-11-05T21:46:23.263Z","level":"log","message":"DatalakeProxyController {/api/datalake}:","service":"api-gateway"}
{"0":"R","1":"o","2":"u","3":"t","4":"e","5":"r","6":"E","7":"x","8":"p","9":"l","10":"o","11":"r","12":"e","13":"r","timestamp":"2025-11-05T21:46:23.265Z","level":"log","message":"Mapped {/api/datalake/minio/*, ALL} route","service":"api-gateway"}
{"0":"R","1":"o","2":"u","3":"t","4":"e","5":"r","6":"E","7":"x","8":"p","9":"l","10":"o","11":"r","12":"e","13":"r","timestamp":"2025-11-05T21:46:23.267Z","level":"log","message":"Mapped {/api/datalake/trino/*, ALL} route","service":"api-gateway"}
{"0":"R","1":"o","2":"u","3":"t","4":"e","5":"r","6":"E","7":"x","8":"p","9":"l","10":"o","11":"r","12":"e","13":"r","timestamp":"2025-11-05T21:46:23.270Z","level":"log","message":"Mapped {/api/datalake/airflow/*, ALL} route","service":"api-gateway"}
{"0":"R","1":"o","2":"u","3":"t","4":"e","5":"r","6":"E","7":"x","8":"p","9":"l","10":"o","11":"r","12":"e","13":"r","timestamp":"2025-11-05T21:46:23.272Z","level":"log","message":"Mapped {/api/datalake/jupyter/*, ALL} route","service":"api-gateway"}
{"0":"R","1":"o","2":"u","3":"t","4":"e","5":"r","6":"E","7":"x","8":"p","9":"l","10":"o","11":"r","12":"e","13":"r","timestamp":"2025-11-05T21:46:23.274Z","level":"log","message":"Mapped {/api/datalake/spark/*, ALL} route","service":"api-gateway"}
{"0":"R","1":"o","2":"u","3":"t","4":"e","5":"r","6":"E","7":"x","8":"p","9":"l","10":"o","11":"r","12":"e","13":"r","timestamp":"2025-11-05T21:46:23.281Z","level":"log","message":"Mapped {/api/datalake/marquez/*, ALL} route","service":"api-gateway"}
{"0":"N","1":"e","2":"s","3":"t","4":"A","5":"p","6":"p","7":"l","8":"i","9":"c","10":"a","11":"t","12":"i","13":"o","14":"n","timestamp":"2025-11-05T21:46:23.287Z","level":"log","message":"Nest application successfully started","service":"api-gateway"}
{"0":"R","1":"o","2":"u","3":"t","4":"e","5":"s","6":"R","7":"e","8":"s","9":"o","10":"l","11":"v","12":"e","13":"r","timestamp":"2025-11-05T21:48:52.618Z","level":"log","message":"MetricsController {/api}:","service":"api-gateway"}
{"0":"R","1":"o","2":"u","3":"t","4":"e","5":"r","6":"E","7":"x","8":"p","9":"l","10":"o","11":"r","12":"e","13":"r","timestamp":"2025-11-05T21:48:52.621Z","level":"log","message":"Mapped {/api/metrics, GET} route","service":"api-gateway"}
{"0":"R","1":"o","2":"u","3":"t","4":"e","5":"s","6":"R","7":"e","8":"s","9":"o","10":"l","11":"v","12":"e","13":"r","timestamp":"2025-11-05T21:48:52.622Z","level":"log","message":"HealthController {/api/health}:","service":"api-gateway"}
{"0":"R","1":"o","2":"u","3":"t","4":"e","5":"r","6":"E","7":"x","8":"p","9":"l","10":"o","11":"r","12":"e","13":"r","timestamp":"2025-11-05T21:48:52.623Z","level":"log","message":"Mapped {/api/health, GET} route","service":"api-gateway"}
{"0":"R","1":"o","2":"u","3":"t","4":"e","5":"s","6":"R","7":"e","8":"s","9":"o","10":"l","11":"v","12":"e","13":"r","timestamp":"2025-11-05T21:48:52.624Z","level":"log","message":"AuthController {/api/auth}:","service":"api-gateway"}
{"0":"R","1":"o","2":"u","3":"t","4":"e","5":"r","6":"E","7":"x","8":"p","9":"l","10":"o","11":"r","12":"e","13":"r","timestamp":"2025-11-05T21:48:52.625Z","level":"log","message":"Mapped {/api/auth/login, POST} route","service":"api-gateway"}
{"0":"R","1":"o","2":"u","3":"t","4":"e","5":"r","6":"E","7":"x","8":"p","9":"l","10":"o","11":"r","12":"e","13":"r","timestamp":"2025-11-05T21:48:52.626Z","level":"log","message":"Mapped {/api/auth/register, POST} route","service":"api-gateway"}
{"0":"R","1":"o","2":"u","3":"t","4":"e","5":"r","6":"E","7":"x","8":"p","9":"l","10":"o","11":"r","12":"e","13":"r","timestamp":"2025-11-05T21:48:52.627Z","level":"log","message":"Mapped {/api/auth/profile, GET} route","service":"api-gateway"}
{"0":"R","1":"o","2":"u","3":"t","4":"e","5":"r","6":"E","7":"x","8":"p","9":"l","10":"o","11":"r","12":"e","13":"r","timestamp":"2025-11-05T21:48:52.628Z","level":"log","message":"Mapped {/api/auth/token/refresh, POST} route","service":"api-gateway"}
{"0":"R","1":"o","2":"u","3":"t","4":"e","5":"r","6":"E","7":"x","8":"p","9":"l","10":"o","11":"r","12":"e","13":"r","timestamp":"2025-11-05T21:48:52.630Z","level":"log","message":"Mapped {/api/auth/token/revoke, POST} route","service":"api-gateway"}
{"0":"R","1":"o","2":"u","3":"t","4":"e","5":"s","6":"R","7":"e","8":"s","9":"o","10":"l","11":"v","12":"e","13":"r","timestamp":"2025-11-05T21:48:52.630Z","level":"log","message":"JwksController {/api/.well-known}:","service":"api-gateway"}
{"0":"R","1":"o","2":"u","3":"t","4":"e","5":"r","6":"E","7":"x","8":"p","9":"l","10":"o","11":"r","12":"e","13":"r","timestamp":"2025-11-05T21:48:52.632Z","level":"log","message":"Mapped {/api/.well-known/jwks.json, GET} route","service":"api-gateway"}
{"0":"R","1":"o","2":"u","3":"t","4":"e","5":"s","6":"R","7":"e","8":"s","9":"o","10":"l","11":"v","12":"e","13":"r","timestamp":"2025-11-05T21:48:52.632Z","level":"log","message":"UsersController {/api/users}:","service":"api-gateway"}
{"0":"R","1":"o","2":"u","3":"t","4":"e","5":"r","6":"E","7":"x","8":"p","9":"l","10":"o","11":"r","12":"e","13":"r","timestamp":"2025-11-05T21:48:52.634Z","level":"log","message":"Mapped {/api/users/:id, GET} route","service":"api-gateway"}
{"0":"R","1":"o","2":"u","3":"t","4":"e","5":"r","6":"E","7":"x","8":"p","9":"l","10":"o","11":"r","12":"e","13":"r","timestamp":"2025-11-05T21:48:52.635Z","level":"log","message":"Mapped {/api/users, GET} route","service":"api-gateway"}
{"0":"R","1":"o","2":"u","3":"t","4":"e","5":"r","6":"E","7":"x","8":"p","9":"l","10":"o","11":"r","12":"e","13":"r","timestamp":"2025-11-05T21:48:52.636Z","level":"log","message":"Mapped {/api/users/:id, PATCH} route","service":"api-gateway"}
{"0":"R","1":"o","2":"u","3":"t","4":"e","5":"r","6":"E","7":"x","8":"p","9":"l","10":"o","11":"r","12":"e","13":"r","timestamp":"2025-11-05T21:48:52.637Z","level":"log","message":"Mapped {/api/users, POST} route","service":"api-gateway"}
{"0":"R","1":"o","2":"u","3":"t","4":"e","5":"r","6":"E","7":"x","8":"p","9":"l","10":"o","11":"r","12":"e","13":"r","timestamp":"2025-11-05T21:48:52.638Z","level":"log","message":"Mapped {/api/users/:id, DELETE} route","service":"api-gateway"}
{"0":"R","1":"o","2":"u","3":"t","4":"e","5":"s","6":"R","7":"e","8":"s","9":"o","10":"l","11":"v","12":"e","13":"r","timestamp":"2025-11-05T21:48:52.638Z","level":"log","message":"OAuthController {/api/oauth}:","service":"api-gateway"}
{"0":"R","1":"o","2":"u","3":"t","4":"e","5":"r","6":"E","7":"x","8":"p","9":"l","10":"o","11":"r","12":"e","13":"r","timestamp":"2025-11-05T21:48:52.640Z","level":"log","message":"Mapped {/api/oauth/:provider/auth, GET} route","service":"api-gateway"}
{"0":"R","1":"o","2":"u","3":"t","4":"e","5":"r","6":"E","7":"x","8":"p","9":"l","10":"o","11":"r","12":"e","13":"r","timestamp":"2025-11-05T21:48:52.641Z","level":"log","message":"Mapped {/api/oauth/:provider/callback, GET} route","service":"api-gateway"}
{"0":"R","1":"o","2":"u","3":"t","4":"e","5":"r","6":"E","7":"x","8":"p","9":"l","10":"o","11":"r","12":"e","13":"r","timestamp":"2025-11-05T21:48:52.644Z","level":"log","message":"Mapped {/api/oauth/:provider/unlink, DELETE} route","service":"api-gateway"}
{"0":"R","1":"o","2":"u","3":"t","4":"e","5":"s","6":"R","7":"e","8":"s","9":"o","10":"l","11":"v","12":"e","13":"r","timestamp":"2025-11-05T21:48:52.646Z","level":"log","message":"AssistantProxyController {/api/assistants}:","service":"api-gateway"}
{"0":"R","1":"o","2":"u","3":"t","4":"e","5":"r","6":"E","7":"x","8":"p","9":"l","10":"o","11":"r","12":"e","13":"r","timestamp":"2025-11-05T21:48:52.650Z","level":"log","message":"Mapped {/api/assistants/*, ALL} route","service":"api-gateway"}
{"0":"R","1":"o","2":"u","3":"t","4":"e","5":"s","6":"R","7":"e","8":"s","9":"o","10":"l","11":"v","12":"e","13":"r","timestamp":"2025-11-05T21:48:52.651Z","level":"log","message":"SchedulingProxyController {/api/scheduling}:","service":"api-gateway"}
{"0":"R","1":"o","2":"u","3":"t","4":"e","5":"r","6":"E","7":"x","8":"p","9":"l","10":"o","11":"r","12":"e","13":"r","timestamp":"2025-11-05T21:48:52.653Z","level":"log","message":"Mapped {/api/scheduling/*, ALL} route","service":"api-gateway"}
{"0":"R","1":"o","2":"u","3":"t","4":"e","5":"s","6":"R","7":"e","8":"s","9":"o","10":"l","11":"v","12":"e","13":"r","timestamp":"2025-11-05T21:48:52.653Z","level":"log","message":"CalendarProxyController {/api/calendar}:","service":"api-gateway"}
{"0":"R","1":"o","2":"u","3":"t","4":"e","5":"r","6":"E","7":"x","8":"p","9":"l","10":"o","11":"r","12":"e","13":"r","timestamp":"2025-11-05T21:48:52.655Z","level":"log","message":"Mapped {/api/calendar/*, ALL} route","service":"api-gateway"}
{"0":"R","1":"o","2":"u","3":"t","4":"e","5":"s","6":"R","7":"e","8":"s","9":"o","10":"l","11":"v","12":"e","13":"r","timestamp":"2025-11-05T21:48:52.656Z","level":"log","message":"ResumeProxyController {/api/resume}:","service":"api-gateway"}
{"0":"R","1":"o","2":"u","3":"t","4":"e","5":"r","6":"E","7":"x","8":"p","9":"l","10":"o","11":"r","12":"e","13":"r","timestamp":"2025-11-05T21:48:52.657Z","level":"log","message":"Mapped {/api/resume/*, ALL} route","service":"api-gateway"}
{"0":"R","1":"o","2":"u","3":"t","4":"e","5":"s","6":"R","7":"e","8":"s","9":"o","10":"l","11":"v","12":"e","13":"r","timestamp":"2025-11-05T21:48:52.658Z","level":"log","message":"InterviewProxyController {/api/interview}:","service":"api-gateway"}
{"0":"R","1":"o","2":"u","3":"t","4":"e","5":"r","6":"E","7":"x","8":"p","9":"l","10":"o","11":"r","12":"e","13":"r","timestamp":"2025-11-05T21:48:52.660Z","level":"log","message":"Mapped {/api/interview/*, ALL} route","service":"api-gateway"}
{"0":"R","1":"o","2":"u","3":"t","4":"e","5":"s","6":"R","7":"e","8":"s","9":"o","10":"l","11":"v","12":"e","13":"r","timestamp":"2025-11-05T21:48:52.660Z","level":"log","message":"DataProxyController {/api/data}:","service":"api-gateway"}
{"0":"R","1":"o","2":"u","3":"t","4":"e","5":"r","6":"E","7":"x","8":"p","9":"l","10":"o","11":"r","12":"e","13":"r","timestamp":"2025-11-05T21:48:52.663Z","level":"log","message":"Mapped {/api/data/*, ALL} route","service":"api-gateway"}
{"0":"R","1":"o","2":"u","3":"t","4":"e","5":"s","6":"R","7":"e","8":"s","9":"o","10":"l","11":"v","12":"e","13":"r","timestamp":"2025-11-05T21:48:52.665Z","level":"log","message":"LatexProxyController {/api/latex}:","service":"api-gateway"}
{"0":"R","1":"o","2":"u","3":"t","4":"e","5":"r","6":"E","7":"x","8":"p","9":"l","10":"o","11":"r","12":"e","13":"r","timestamp":"2025-11-05T21:48:52.669Z","level":"log","message":"Mapped {/api/latex/*, ALL} route","service":"api-gateway"}
{"0":"R","1":"o","2":"u","3":"t","4":"e","5":"s","6":"R","7":"e","8":"s","9":"o","10":"l","11":"v","12":"e","13":"r","timestamp":"2025-11-05T21:48:52.671Z","level":"log","message":"ToolsProxyController {/api/tools}:","service":"api-gateway"}
{"0":"R","1":"o","2":"u","3":"t","4":"e","5":"r","6":"E","7":"x","8":"p","9":"l","10":"o","11":"r","12":"e","13":"r","timestamp":"2025-11-05T21:48:52.674Z","level":"log","message":"Mapped {/api/tools/*, ALL} route","service":"api-gateway"}
{"0":"R","1":"o","2":"u","3":"t","4":"e","5":"s","6":"R","7":"e","8":"s","9":"o","10":"l","11":"v","12":"e","13":"r","timestamp":"2025-11-05T21:48:52.675Z","level":"log","message":"DatalakeProxyController {/api/datalake}:","service":"api-gateway"}
{"0":"R","1":"o","2":"u","3":"t","4":"e","5":"r","6":"E","7":"x","8":"p","9":"l","10":"o","11":"r","12":"e","13":"r","timestamp":"2025-11-05T21:48:52.677Z","level":"log","message":"Mapped {/api/datalake/minio/*, ALL} route","service":"api-gateway"}
{"0":"R","1":"o","2":"u","3":"t","4":"e","5":"r","6":"E","7":"x","8":"p","9":"l","10":"o","11":"r","12":"e","13":"r","timestamp":"2025-11-05T21:48:52.679Z","level":"log","message":"Mapped {/api/datalake/trino/*, ALL} route","service":"api-gateway"}
{"0":"R","1":"o","2":"u","3":"t","4":"e","5":"r","6":"E","7":"x","8":"p","9":"l","10":"o","11":"r","12":"e","13":"r","timestamp":"2025-11-05T21:48:52.683Z","level":"log","message":"Mapped {/api/datalake/airflow/*, ALL} route","service":"api-gateway"}
{"0":"R","1":"o","2":"u","3":"t","4":"e","5":"r","6":"E","7":"x","8":"p","9":"l","10":"o","11":"r","12":"e","13":"r","timestamp":"2025-11-05T21:48:52.687Z","level":"log","message":"Mapped {/api/datalake/jupyter/*, ALL} route","service":"api-gateway"}
{"0":"R","1":"o","2":"u","3":"t","4":"e","5":"r","6":"E","7":"x","8":"p","9":"l","10":"o","11":"r","12":"e","13":"r","timestamp":"2025-11-05T21:48:52.692Z","level":"log","message":"Mapped {/api/datalake/spark/*, ALL} route","service":"api-gateway"}
{"0":"R","1":"o","2":"u","3":"t","4":"e","5":"r","6":"E","7":"x","8":"p","9":"l","10":"o","11":"r","12":"e","13":"r","timestamp":"2025-11-05T21:48:52.702Z","level":"log","message":"Mapped {/api/datalake/marquez/*, ALL} route","service":"api-gateway"}
{"0":"N","1":"e","2":"s","3":"t","4":"A","5":"p","6":"p","7":"l","8":"i","9":"c","10":"a","11":"t","12":"i","13":"o","14":"n","timestamp":"2025-11-05T21:48:52.705Z","level":"log","message":"Nest application successfully started","service":"api-gateway"}
